<?xml version="1.0" encoding="UTF-8"?>
<!-- Generated by org.testng.reporters.JUnitReportReporter -->
<testsuite hostname="Afiqdes" failures="0" tests="2" name="class_test.Sample_Excel_Blockcurrentday_Manualcheckincheckout" time="101.152" errors="0" timestamp="2024-10-17T13:19:58 IST" skipped="0">
  <testcase classname="class_test.Sample_Excel_Blockcurrentday_Manualcheckincheckout" name="DB_setup" time="3.412"/>
  <system-out/>
  <testcase classname="class_test.Sample_Excel_Blockcurrentday_Manualcheckincheckout" name="test" time="97.740"/>
  <system-out/>
</testsuite> <!-- class_test.Sample_Excel_Blockcurrentday_Manualcheckincheckout -->
